<?xml version="1.0" encoding="UTF-8"?>
<testng-results ignored="0" total="1" passed="1" failed="0" skipped="0">
  <reporter-output>
  </reporter-output>
  <suite started-at="2022-12-14T11:57:02 IST" name="Default suite" finished-at="2022-12-14T11:57:48 IST" duration-ms="46738">
    <groups>
    </groups>
    <test started-at="2022-12-14T11:57:02 IST" name="Default test" finished-at="2022-12-14T11:57:48 IST" duration-ms="46738">
      <class name="tests.LoginValidCred">
        <test-method is-config="true" signature="launchBrowser()[pri:0, instance:tests.LoginValidCred@62ddbd7e]" started-at="2022-12-14T11:57:02 IST" name="launchBrowser" finished-at="2022-12-14T11:57:15 IST" duration-ms="13003" status="PASS">
          <reporter-output>
          </reporter-output>
        </test-method> <!-- launchBrowser -->
        <test-method is-config="true" signature="createPOMObject()[pri:0, instance:tests.LoginValidCred@62ddbd7e]" started-at="2022-12-14T11:57:15 IST" name="createPOMObject" finished-at="2022-12-14T11:57:15 IST" duration-ms="92" status="PASS">
          <reporter-output>
          </reporter-output>
        </test-method> <!-- createPOMObject -->
        <test-method signature="loginWithValidCredentails()[pri:0, instance:tests.LoginValidCred@62ddbd7e]" started-at="2022-12-14T11:57:15 IST" name="loginWithValidCredentails" finished-at="2022-12-14T11:57:47 IST" duration-ms="32016" status="PASS">
          <reporter-output>
          </reporter-output>
        </test-method> <!-- loginWithValidCredentails -->
        <test-method is-config="true" signature="tearDown()[pri:0, instance:tests.LoginValidCred@62ddbd7e]" started-at="2022-12-14T11:57:47 IST" name="tearDown" finished-at="2022-12-14T11:57:48 IST" duration-ms="1512" status="PASS">
          <reporter-output>
          </reporter-output>
        </test-method> <!-- tearDown -->
      </class> <!-- tests.LoginValidCred -->
    </test> <!-- Default test -->
  </suite> <!-- Default suite -->
</testng-results>
